211124 17:26:47 mysqld_safe Starting mysqld daemon with databases from /var/lib/mysql
211124 17:26:47 [Note] /usr/bin/mysqld (mysqld 5.5.43-MariaDB) starting as process 867 ...
211124 17:26:47 [Warning] Setting lower_case_table_names=2 because file system for /var/lib/mysql/ is case insensitive
211124 17:26:47 InnoDB: The InnoDB memory heap is disabled
211124 17:26:47 InnoDB: Mutexes and rw_locks use GCC atomic builtins
211124 17:26:47 InnoDB: Compressed tables use zlib 1.2.8
211124 17:26:47 InnoDB: Using Linux native AIO
211124 17:26:47  InnoDB: Error: Linux Native AIO interface is not supported on this platform. Please check your OS documentation and install appropriate binary of InnoDB.
InnoDB: You can disable Linux Native AIO by setting innodb_use_native_aio = 0 in my.cnf
211124 17:26:47 InnoDB: Warning: Linux Native AIO disabled.
211124 17:26:47 InnoDB: Initializing buffer pool, size = 128.0M
211124 17:26:47 InnoDB: Completed initialization of buffer pool
InnoDB: The first specified data file ./ibdata1 did not exist:
InnoDB: a new database to be created!
211124 17:26:48  InnoDB: Setting file ./ibdata1 size to 10 MB
InnoDB: Database physically writes the file full: wait...
211124 17:26:48  InnoDB: Log file ./ib_logfile0 did not exist: new to be created
InnoDB: Setting log file ./ib_logfile0 size to 5 MB
InnoDB: Database physically writes the file full: wait...
211124 17:26:48  InnoDB: Log file ./ib_logfile1 did not exist: new to be created
InnoDB: Setting log file ./ib_logfile1 size to 5 MB
InnoDB: Database physically writes the file full: wait...
InnoDB: Doublewrite buffer not found: creating new
InnoDB: Doublewrite buffer created
InnoDB: 127 rollback segment(s) active.
InnoDB: Creating foreign key constraint system tables
InnoDB: Foreign key constraint system tables created
211124 17:26:48 Percona XtraDB (http://www.percona.com) 5.5.42-MariaDB-37.1 started; log sequence number 0
211124 17:26:48 [Note] Plugin 'FEEDBACK' is disabled.
211124 17:26:48 [Note] Server socket created on IP: '0.0.0.0'.
211124 17:26:48 [Note] Event Scheduler: Loaded 0 events
211124 17:26:48 [Note] /usr/bin/mysqld: ready for connections.
Version: '5.5.43-MariaDB'  socket: '/var/run/mysqld/mysqld.sock'  port: 3306  MariaDB Server
211124 17:26:51 [Note] /usr/bin/mysqld: Normal shutdown

211124 17:26:51 [Note] Event Scheduler: Purging the queue. 0 events
211124 17:26:51  InnoDB: Starting shutdown...
211124 17:26:52  InnoDB: Shutdown completed; log sequence number 1597945
211124 17:26:52 [Note] /usr/bin/mysqld: Shutdown complete

211124 17:26:52 mysqld_safe mysqld from pid file /var/run/mysqld/mysqld.pid ended
211124 17:26:54 mysqld_safe Starting mysqld daemon with databases from /var/lib/mysql
211124 17:26:54 [Note] /usr/bin/mysqld (mysqld 5.5.43-MariaDB) starting as process 1669 ...
211124 17:26:54 [Warning] Setting lower_case_table_names=2 because file system for /var/lib/mysql/ is case insensitive
211124 17:26:54 InnoDB: The InnoDB memory heap is disabled
211124 17:26:54 InnoDB: Mutexes and rw_locks use GCC atomic builtins
211124 17:26:54 InnoDB: Compressed tables use zlib 1.2.8
211124 17:26:54 InnoDB: Using Linux native AIO
211124 17:26:54  InnoDB: Error: Linux Native AIO interface is not supported on this platform. Please check your OS documentation and install appropriate binary of InnoDB.
InnoDB: You can disable Linux Native AIO by setting innodb_use_native_aio = 0 in my.cnf
211124 17:26:54 InnoDB: Warning: Linux Native AIO disabled.
211124 17:26:54 InnoDB: Initializing buffer pool, size = 128.0M
211124 17:26:54 InnoDB: Completed initialization of buffer pool
211124 17:26:54 InnoDB: highest supported file format is Barracuda.
